0 info it worked if it ends with ok
1 verbose cli [ 'C:\\Program Files\\nodejs\\node.exe',
1 verbose cli   'C:\\Program Files\\nodejs\\node_modules\\npm\\bin\\npm-cli.js',
1 verbose cli   'install',
1 verbose cli   'git-core' ]
2 info using npm@2.15.8
3 info using node@v4.4.7
4 verbose install initial load of d:\l.yunash\front-end-academy-master\starter_packages\SPVanilla_multipages_less\package.json
5 verbose installManyTop reading scoped package data from d:\l.yunash\front-end-academy-master\starter_packages\SPVanilla_multipages_less\node_modules\autoprefixer\package.json
6 verbose installManyTop reading scoped package data from d:\l.yunash\front-end-academy-master\starter_packages\SPVanilla_multipages_less\node_modules\grunt\package.json
7 verbose installManyTop reading scoped package data from d:\l.yunash\front-end-academy-master\starter_packages\SPVanilla_multipages_less\node_modules\grunt-babel\package.json
8 verbose installManyTop reading scoped package data from d:\l.yunash\front-end-academy-master\starter_packages\SPVanilla_multipages_less\node_modules\grunt-browser-sync\package.json
9 verbose installManyTop reading scoped package data from d:\l.yunash\front-end-academy-master\starter_packages\SPVanilla_multipages_less\node_modules\grunt-combine-media-queries\package.json
10 verbose installManyTop reading scoped package data from d:\l.yunash\front-end-academy-master\starter_packages\SPVanilla_multipages_less\node_modules\grunt-concurrent\package.json
11 verbose installManyTop reading scoped package data from d:\l.yunash\front-end-academy-master\starter_packages\SPVanilla_multipages_less\node_modules\grunt-contrib-clean\package.json
12 verbose installManyTop reading scoped package data from d:\l.yunash\front-end-academy-master\starter_packages\SPVanilla_multipages_less\node_modules\grunt-contrib-concat\package.json
13 verbose installManyTop reading scoped package data from d:\l.yunash\front-end-academy-master\starter_packages\SPVanilla_multipages_less\node_modules\grunt-contrib-copy\package.json
14 verbose installManyTop reading scoped package data from d:\l.yunash\front-end-academy-master\starter_packages\SPVanilla_multipages_less\node_modules\grunt-contrib-cssmin\package.json
15 verbose installManyTop reading scoped package data from d:\l.yunash\front-end-academy-master\starter_packages\SPVanilla_multipages_less\node_modules\grunt-contrib-htmlmin\package.json
16 verbose installManyTop reading scoped package data from d:\l.yunash\front-end-academy-master\starter_packages\SPVanilla_multipages_less\node_modules\grunt-contrib-imagemin\package.json
17 verbose installManyTop reading scoped package data from d:\l.yunash\front-end-academy-master\starter_packages\SPVanilla_multipages_less\node_modules\grunt-contrib-jshint\package.json
18 verbose installManyTop reading scoped package data from d:\l.yunash\front-end-academy-master\starter_packages\SPVanilla_multipages_less\node_modules\grunt-contrib-less\package.json
19 verbose installManyTop reading scoped package data from d:\l.yunash\front-end-academy-master\starter_packages\SPVanilla_multipages_less\node_modules\grunt-contrib-uglify\package.json
20 verbose installManyTop reading scoped package data from d:\l.yunash\front-end-academy-master\starter_packages\SPVanilla_multipages_less\node_modules\grunt-contrib-watch\package.json
21 verbose installManyTop reading scoped package data from d:\l.yunash\front-end-academy-master\starter_packages\SPVanilla_multipages_less\node_modules\grunt-eslint\package.json
22 verbose installManyTop reading scoped package data from d:\l.yunash\front-end-academy-master\starter_packages\SPVanilla_multipages_less\node_modules\grunt-filerev\package.json
23 verbose installManyTop reading scoped package data from d:\l.yunash\front-end-academy-master\starter_packages\SPVanilla_multipages_less\node_modules\grunt-html-build\package.json
24 verbose installManyTop reading scoped package data from d:\l.yunash\front-end-academy-master\starter_packages\SPVanilla_multipages_less\node_modules\grunt-mocha\package.json
25 verbose installManyTop reading scoped package data from d:\l.yunash\front-end-academy-master\starter_packages\SPVanilla_multipages_less\node_modules\grunt-modernizr\package.json
26 verbose installManyTop reading scoped package data from d:\l.yunash\front-end-academy-master\starter_packages\SPVanilla_multipages_less\node_modules\grunt-newer\package.json
27 verbose installManyTop reading scoped package data from d:\l.yunash\front-end-academy-master\starter_packages\SPVanilla_multipages_less\node_modules\grunt-postcss\package.json
28 verbose installManyTop reading scoped package data from d:\l.yunash\front-end-academy-master\starter_packages\SPVanilla_multipages_less\node_modules\grunt-preprocess\package.json
29 verbose installManyTop reading scoped package data from d:\l.yunash\front-end-academy-master\starter_packages\SPVanilla_multipages_less\node_modules\grunt-processhtml\package.json
30 verbose installManyTop reading scoped package data from d:\l.yunash\front-end-academy-master\starter_packages\SPVanilla_multipages_less\node_modules\grunt-spritesmith\package.json
31 verbose installManyTop reading scoped package data from d:\l.yunash\front-end-academy-master\starter_packages\SPVanilla_multipages_less\node_modules\grunt-svgmin\package.json
32 verbose installManyTop reading scoped package data from d:\l.yunash\front-end-academy-master\starter_packages\SPVanilla_multipages_less\node_modules\grunt-usemin\package.json
33 verbose installManyTop reading scoped package data from d:\l.yunash\front-end-academy-master\starter_packages\SPVanilla_multipages_less\node_modules\grunt-wiredep\package.json
34 verbose installManyTop reading scoped package data from d:\l.yunash\front-end-academy-master\starter_packages\SPVanilla_multipages_less\node_modules\jit-grunt\package.json
35 verbose installManyTop reading scoped package data from d:\l.yunash\front-end-academy-master\starter_packages\SPVanilla_multipages_less\node_modules\jquery\package.json
36 verbose installManyTop reading scoped package data from d:\l.yunash\front-end-academy-master\starter_packages\SPVanilla_multipages_less\node_modules\node-static\package.json
37 verbose installManyTop reading scoped package data from d:\l.yunash\front-end-academy-master\starter_packages\SPVanilla_multipages_less\node_modules\request\package.json
38 verbose installManyTop reading scoped package data from d:\l.yunash\front-end-academy-master\starter_packages\SPVanilla_multipages_less\node_modules\time-grunt\package.json
39 verbose installManyTop reading scoped package data from d:\l.yunash\front-end-academy-master\starter_packages\SPVanilla_multipages_less\node_modules\wd\package.json
40 info package.json grunt-combine-media-queries@1.0.20 No license field.
41 info package.json grunt-contrib-clean@0.6.0 No license field.
42 info package.json grunt-contrib-cssmin@0.12.3 No license field.
43 info package.json grunt-contrib-less@0.11.4 No license field.
44 info package.json grunt-contrib-htmlmin@0.4.0 No license field.
45 info package.json grunt-contrib-uglify@0.8.1 No license field.
46 info package.json grunt-contrib-concat@0.5.1 No license field.
47 info package.json grunt-filerev@2.3.1 license should be a valid SPDX license expression
48 info package.json grunt-contrib-watch@0.6.1 No license field.
49 info package.json grunt@0.4.5 No license field.
50 info package.json grunt-contrib-jshint@0.10.0 No license field.
51 info package.json grunt-browser-sync@2.2.0 No license field.
52 info package.json grunt-mocha@0.4.15 No license field.
53 info package.json grunt-preprocess@4.2.0 No license field.
54 info package.json grunt-svgmin@2.0.1 No license field.
55 info package.json grunt-processhtml@0.3.13 No license field.
56 info package.json grunt-wiredep@2.0.0 No license field.
57 verbose readDependencies loading dependencies from d:\l.yunash\front-end-academy-master\starter_packages\SPVanilla_multipages_less\package.json
58 silly cache add args [ 'git-core', null ]
59 verbose cache add spec git-core
60 silly cache add parsed spec Result {
60 silly cache add   raw: 'git-core',
60 silly cache add   scope: null,
60 silly cache add   name: 'git-core',
60 silly cache add   rawSpec: '',
60 silly cache add   spec: 'latest',
60 silly cache add   type: 'tag' }
61 silly addNamed git-core@latest
62 verbose addNamed "latest" is being treated as a dist-tag for git-core
63 info addNameTag [ 'git-core', 'latest' ]
64 silly mapToRegistry name git-core
65 silly mapToRegistry using default registry
66 silly mapToRegistry registry https://registry.npmjs.org/
67 silly mapToRegistry data Result {
67 silly mapToRegistry   raw: 'git-core',
67 silly mapToRegistry   scope: null,
67 silly mapToRegistry   name: 'git-core',
67 silly mapToRegistry   rawSpec: '',
67 silly mapToRegistry   spec: 'latest',
67 silly mapToRegistry   type: 'tag' }
68 silly mapToRegistry uri https://registry.npmjs.org/git-core
69 verbose addNameTag registry:https://registry.npmjs.org/git-core not in flight; fetching
70 verbose request uri https://registry.npmjs.org/git-core
71 verbose request no auth needed
72 info attempt registry request try #1 at 14:26:09
73 verbose request id 479d4116acac8845
74 http request GET https://registry.npmjs.org/git-core
75 http 200 https://registry.npmjs.org/git-core
76 verbose headers { server: 'CouchDB/1.5.0 (Erlang OTP/R16B03)',
76 verbose headers   etag: '"9BNYQNCNK6XX4EC3S7T3Q4V28"',
76 verbose headers   'content-type': 'application/json',
76 verbose headers   'content-encoding': 'gzip',
76 verbose headers   'cache-control': 'max-age=300',
76 verbose headers   'content-length': '2671',
76 verbose headers   'accept-ranges': 'bytes',
76 verbose headers   date: 'Mon, 18 Jul 2016 11:26:09 GMT',
76 verbose headers   via: '1.1 varnish',
76 verbose headers   age: '0',
76 verbose headers   connection: 'keep-alive',
76 verbose headers   'x-served-by': 'cache-lcy1123-LCY',
76 verbose headers   'x-cache': 'MISS',
76 verbose headers   'x-cache-hits': '0',
76 verbose headers   'x-timer': 'S1468841169.798825,VS0,VE179',
76 verbose headers   vary: 'Accept-Encoding' }
77 silly get cb [ 200,
77 silly get   { server: 'CouchDB/1.5.0 (Erlang OTP/R16B03)',
77 silly get     etag: '"9BNYQNCNK6XX4EC3S7T3Q4V28"',
77 silly get     'content-type': 'application/json',
77 silly get     'content-encoding': 'gzip',
77 silly get     'cache-control': 'max-age=300',
77 silly get     'content-length': '2671',
77 silly get     'accept-ranges': 'bytes',
77 silly get     date: 'Mon, 18 Jul 2016 11:26:09 GMT',
77 silly get     via: '1.1 varnish',
77 silly get     age: '0',
77 silly get     connection: 'keep-alive',
77 silly get     'x-served-by': 'cache-lcy1123-LCY',
77 silly get     'x-cache': 'MISS',
77 silly get     'x-cache-hits': '0',
77 silly get     'x-timer': 'S1468841169.798825,VS0,VE179',
77 silly get     vary: 'Accept-Encoding' } ]
78 verbose get saving git-core to C:\Users\l.yunash\AppData\Roaming\npm-cache\registry.npmjs.org\git-core\.cache.json
79 verbose correctMkdir C:\Users\l.yunash\AppData\Roaming\npm-cache correctMkdir not in flight; initializing
80 silly addNameTag next cb for git-core with tag latest
81 silly addNamed git-core@0.0.4
82 verbose addNamed "0.0.4" is a plain semver version for git-core
83 silly mapToRegistry name git-core
84 silly mapToRegistry using default registry
85 silly mapToRegistry registry https://registry.npmjs.org/
86 silly mapToRegistry data Result {
86 silly mapToRegistry   raw: 'git-core',
86 silly mapToRegistry   scope: null,
86 silly mapToRegistry   name: 'git-core',
86 silly mapToRegistry   rawSpec: '',
86 silly mapToRegistry   spec: 'latest',
86 silly mapToRegistry   type: 'tag' }
87 silly mapToRegistry uri https://registry.npmjs.org/git-core
88 verbose addRemoteTarball https://registry.npmjs.org/git-core/-/git-core-0.0.4.tgz not in flight; adding
89 verbose addRemoteTarball [ 'https://registry.npmjs.org/git-core/-/git-core-0.0.4.tgz',
89 verbose addRemoteTarball   'ee49c4b8c67926e7c4ee13482c06c8bfa94b2261' ]
90 info retry fetch attempt 1 at 14:26:10
91 info attempt registry request try #1 at 14:26:10
92 http fetch GET https://registry.npmjs.org/git-core/-/git-core-0.0.4.tgz
93 http fetch 200 https://registry.npmjs.org/git-core/-/git-core-0.0.4.tgz
94 silly fetchAndShaCheck shasum ee49c4b8c67926e7c4ee13482c06c8bfa94b2261
95 verbose addTmpTarball C:\Users\L3EE3~1.YUN\AppData\Local\Temp\npm-3136-21586429\registry.npmjs.org\git-core\-\git-core-0.0.4.tgz not in flight; adding
96 verbose addTmpTarball already have metadata; skipping unpack for git-core@0.0.4
97 verbose correctMkdir C:\Users\l.yunash\AppData\Roaming\npm-cache correctMkdir not in flight; initializing
98 silly cache afterAdd git-core@0.0.4
99 verbose afterAdd C:\Users\l.yunash\AppData\Roaming\npm-cache\git-core\0.0.4\package\package.json not in flight; writing
100 verbose correctMkdir C:\Users\l.yunash\AppData\Roaming\npm-cache correctMkdir not in flight; initializing
101 verbose afterAdd C:\Users\l.yunash\AppData\Roaming\npm-cache\git-core\0.0.4\package\package.json written
102 silly install resolved [ { name: 'git-core',
102 silly install resolved     version: '0.0.4',
102 silly install resolved     description: 'Simple library for working git core structures(blobs, trees, commits, tags and packs) without a repository',
102 silly install resolved     main: './src/js/index.js',
102 silly install resolved     scripts: { test: 'make test', install: 'node-gyp rebuild' },
102 silly install resolved     repository:
102 silly install resolved      { type: 'git',
102 silly install resolved        url: 'git://github.com/tarruda/node-git-core.git' },
102 silly install resolved     keywords: [ 'git', 'git-objects' ],
102 silly install resolved     devDependencies:
102 silly install resolved      { 'node-gyp': '*',
102 silly install resolved        wrench: '*',
102 silly install resolved        less: '*',
102 silly install resolved        mocha: '*',
102 silly install resolved        chai: '*',
102 silly install resolved        temp: '*',
102 silly install resolved        glob: '*' },
102 silly install resolved     author: { name: 'Thiago de Arruda' },
102 silly install resolved     license: 'BSD',
102 silly install resolved     gypfile: true,
102 silly install resolved     readme: '### node-git-core\n\nLibrary that provides simple object-oriented api for working with git data at a\nlower level, see [git internals](http://git-scm.com/book/en/Git-Internals) for more info:\n\n#### Installation\n```sh\nnpm install git-core\n```\n\n#### Usage\n\n```js\ngit = require(\'git-core\');\nBlob = git.Blob;\nTree = git.Tree;\nCommit = git.Commit;\nTag = git.Tag;\nPack = git.Pack;\n\nb1 = new Blob(\'Some file\');\n\nb2 = new Blob(new Buffer([1,2,3,4,5])); // blob with binary data\n\nb3 = new Blob(\'Another file\\n\');\n\n// (For now file modes are not supported on trees, all blobs have mode 100644 and\n// subtrees have mode 040000)\n\nt1 = new Tree({\n  \'file-under-tree\': b3\n});\n\nt2 = new Tree({\n  \'some-file.txt\': b2,\n  \'some-file2.txt\': b1,\n  \'sub-directory.d\': t1\n});\n\nt3 = new Tree({\n  \'another-file.txt\': b1\n});\n\n// Lets create some commmits\n\nc1 = new Commit({\n  tree: t1,\n  author: {\n    name: \'Git Author\',\n    email: \'author@git.com\',\n    date: d1\n  },\n  message: \'Artificial commit 1\'\n});\n\nc2 = new Commit({\n  tree: t2,\n  author: {\n    name: \'Git Author\',\n    email: \'author@git.com\',\n    date: d2\n  },\n  message: \'Artificial commit 2\',\n  parents: [c1]\n});\n\nc3 = new Commit({\n  tree: t3,\n  author: {\n    name: \'Git User\',\n    email: \'user@domain.com\',\n    date: d3\n  },\n  committer: {\n    name: \'Git Commiter\',\n    email: \'committer@git.com\',\n    date: d4\n  },\n  message: \'Artificial commit 3\',\n  parents: [c2]\n});\n\ntag = new Tag({\n  object: c2,\n  name: \'v0.0.1\',\n  tagger: {\n    name: \'Git Tagger\',\n    email: \'tagger@git.com\'\n  },\n  date: d2,\n  message: \'Tag second commit\'\n});\n\n// Lets pack everything toguether\n\npack = new Pack([c3, tag]);\nserializedPack = pack.serialize(); // this is a git packfile\n\n// We only need to add a head to the pack, all other will be added\n// automatically when serializing\n```\n\nThis library is all about working with git data in-memory, no repositories are\nneeded. Above is an example\non how git objects can be created, connected and serialized, the inverse\nis also supported:\n\n```js\n// Lets say \'buffer\' contains a packfile data that you read from disk or\n// received from \'git-fetch-pack\'\n\npack = Pack.deserialize(buffer);\n\n// pack now contains a ready-to-use git object graph\n\n// print all blobs in the pack\nfor (var i = 0;i < pack.objects.length;i++) {\n  var obj = pack.objects[i];\n  if (obj instanceof Blob) {\n    console.log(obj.serialize().getHash(), \':\', obj.contents.toString()));\n  }\n}\n\n// deserialization of \'thin packs\' is also supported, you just have to pass a\n// callback as a second argument to \'deserialize\', which will be called with\n// the sha1 id whenever a base object is required\n\npack = Pack.deserialize(buffer, function(baseSha1) {\n  // fetch the object with \'baseSha1\' id from somewhere and return\n});\n```\n\nDelta compression is only fully supported on \'deserialization. If you need to\nencode objects using delta compression then add the deltas manually:\n\n```js\nstr = \'\';\nfor (i = _i = 0; _i < 1000; i = ++_i) {\n  str += \'test content/test content2/test content3\\n\';\n}\n\nb1 = new Blob(str);\nb2 = new Blob(str + \'append\\n\');\nb3 = new Blob(str + \'append\\nappend2\\n\');\nb4 = new Blob(str + \'append\\nappend2\\nappend3\\n\');\n\npack = new Pack([\n  b1,\n  b2.diff(b1),\n  b3.diff(b2),\n  b4.diff(b3)\n]);\npack.serialize();\n```\n',
102 silly install resolved     readmeFilename: 'README.md',
102 silly install resolved     _id: 'git-core@0.0.4',
102 silly install resolved     dist:
102 silly install resolved      { shasum: 'ee49c4b8c67926e7c4ee13482c06c8bfa94b2261',
102 silly install resolved        tarball: 'https://registry.npmjs.org/git-core/-/git-core-0.0.4.tgz' },
102 silly install resolved     _npmVersion: '1.1.69',
102 silly install resolved     _npmUser: { name: 'tarruda', email: 'tpadilha84@gmail.com' },
102 silly install resolved     maintainers: [ [Object] ],
102 silly install resolved     directories: {},
102 silly install resolved     _shasum: 'ee49c4b8c67926e7c4ee13482c06c8bfa94b2261',
102 silly install resolved     _resolved: 'https://registry.npmjs.org/git-core/-/git-core-0.0.4.tgz',
102 silly install resolved     _from: 'git-core@latest' } ]
103 info install git-core@0.0.4 into d:\l.yunash\front-end-academy-master\starter_packages\SPVanilla_multipages_less
104 info installOne git-core@0.0.4
105 verbose installOne of git-core to d:\l.yunash\front-end-academy-master\starter_packages\SPVanilla_multipages_less not in flight; installing
106 verbose correctMkdir C:\Users\l.yunash\AppData\Roaming\npm-cache\_locks correctMkdir not in flight; initializing
107 verbose lock using C:\Users\l.yunash\AppData\Roaming\npm-cache\_locks\git-core-66da59e89c531f29.lock for d:\l.yunash\front-end-academy-master\starter_packages\SPVanilla_multipages_less\node_modules\git-core
108 silly install write writing git-core 0.0.4 to d:\l.yunash\front-end-academy-master\starter_packages\SPVanilla_multipages_less\node_modules\git-core
109 verbose unbuild node_modules\git-core
110 silly gentlyRm d:\l.yunash\front-end-academy-master\starter_packages\SPVanilla_multipages_less\node_modules\git-core is being purged from base d:\l.yunash\front-end-academy-master\starter_packages\SPVanilla_multipages_less
111 verbose gentlyRm don't care about contents; nuking d:\l.yunash\front-end-academy-master\starter_packages\SPVanilla_multipages_less\node_modules\git-core
112 verbose tar unpack C:\Users\l.yunash\AppData\Roaming\npm-cache\git-core\0.0.4\package.tgz
113 verbose tar unpacking to d:\l.yunash\front-end-academy-master\starter_packages\SPVanilla_multipages_less\node_modules\git-core
114 silly gentlyRm d:\l.yunash\front-end-academy-master\starter_packages\SPVanilla_multipages_less\node_modules\git-core is being purged
115 verbose gentlyRm don't care about contents; nuking d:\l.yunash\front-end-academy-master\starter_packages\SPVanilla_multipages_less\node_modules\git-core
116 silly gunzTarPerm modes [ '777', '666' ]
117 silly gunzTarPerm extractEntry package.json
118 silly gunzTarPerm modified mode [ 'package.json', 420, 438 ]
119 silly gunzTarPerm extractEntry .npmignore
120 silly gunzTarPerm modified mode [ '.npmignore', 420, 438 ]
121 silly gunzTarPerm extractEntry README.md
122 silly gunzTarPerm modified mode [ 'README.md', 420, 438 ]
123 silly gunzTarPerm extractEntry binding.gyp
124 silly gunzTarPerm modified mode [ 'binding.gyp', 420, 438 ]
125 silly gunzTarPerm extractEntry src/cpp/zlib.cpp
126 silly gunzTarPerm modified mode [ 'src/cpp/zlib.cpp', 420, 438 ]
127 silly gunzTarPerm extractEntry src/js/zlib.js
128 silly gunzTarPerm modified mode [ 'src/js/zlib.js', 420, 438 ]
129 silly gunzTarPerm extractEntry src/js/pack.js
130 silly gunzTarPerm modified mode [ 'src/js/pack.js', 420, 438 ]
131 silly gunzTarPerm extractEntry src/js/common.js
132 silly gunzTarPerm modified mode [ 'src/js/common.js', 420, 438 ]
133 silly gunzTarPerm extractEntry src/js/index.js
134 silly gunzTarPerm modified mode [ 'src/js/index.js', 420, 438 ]
135 silly gunzTarPerm extractEntry src/js/delta.js
136 silly gunzTarPerm modified mode [ 'src/js/delta.js', 420, 438 ]
137 silly gunzTarPerm extractEntry src/js/blob.js
138 silly gunzTarPerm modified mode [ 'src/js/blob.js', 420, 438 ]
139 silly gunzTarPerm extractEntry src/js/tree.js
140 silly gunzTarPerm modified mode [ 'src/js/tree.js', 420, 438 ]
141 silly gunzTarPerm extractEntry src/js/commit.js
142 silly gunzTarPerm modified mode [ 'src/js/commit.js', 420, 438 ]
143 silly gunzTarPerm extractEntry src/js/tag.js
144 silly gunzTarPerm modified mode [ 'src/js/tag.js', 420, 438 ]
145 verbose write writing to d:\l.yunash\front-end-academy-master\starter_packages\SPVanilla_multipages_less\node_modules\git-core\package.json
146 info preinstall git-core@0.0.4
147 verbose readDependencies loading dependencies from d:\l.yunash\front-end-academy-master\starter_packages\SPVanilla_multipages_less\node_modules\git-core\package.json
148 verbose readDependencies loading dependencies from d:\l.yunash\front-end-academy-master\starter_packages\SPVanilla_multipages_less\node_modules\git-core\package.json
149 silly install resolved []
150 verbose about to build d:\l.yunash\front-end-academy-master\starter_packages\SPVanilla_multipages_less\node_modules\git-core
151 info build d:\l.yunash\front-end-academy-master\starter_packages\SPVanilla_multipages_less\node_modules\git-core
152 info linkStuff git-core@0.0.4
153 silly linkStuff git-core@0.0.4 has d:\l.yunash\front-end-academy-master\starter_packages\SPVanilla_multipages_less\node_modules as its parent node_modules
154 verbose linkBins git-core@0.0.4
155 verbose linkMans git-core@0.0.4
156 verbose rebuildBundles git-core@0.0.4
157 info install git-core@0.0.4
158 verbose unsafe-perm in lifecycle true
159 info git-core@0.0.4 Failed to exec install script
160 verbose unlock done using C:\Users\l.yunash\AppData\Roaming\npm-cache\_locks\git-core-66da59e89c531f29.lock for d:\l.yunash\front-end-academy-master\starter_packages\SPVanilla_multipages_less\node_modules\git-core
161 verbose stack Error: git-core@0.0.4 install: `node-gyp rebuild`
161 verbose stack Exit status 1
161 verbose stack     at EventEmitter.<anonymous> (C:\Program Files\nodejs\node_modules\npm\lib\utils\lifecycle.js:217:16)
161 verbose stack     at emitTwo (events.js:87:13)
161 verbose stack     at EventEmitter.emit (events.js:172:7)
161 verbose stack     at ChildProcess.<anonymous> (C:\Program Files\nodejs\node_modules\npm\lib\utils\spawn.js:24:14)
161 verbose stack     at emitTwo (events.js:87:13)
161 verbose stack     at ChildProcess.emit (events.js:172:7)
161 verbose stack     at maybeClose (internal/child_process.js:827:16)
161 verbose stack     at Process.ChildProcess._handle.onexit (internal/child_process.js:211:5)
162 verbose pkgid git-core@0.0.4
163 verbose cwd d:\l.yunash\front-end-academy-master\starter_packages\SPVanilla_multipages_less
164 error Windows_NT 10.0.10586
165 error argv "C:\\Program Files\\nodejs\\node.exe" "C:\\Program Files\\nodejs\\node_modules\\npm\\bin\\npm-cli.js" "install" "git-core"
166 error node v4.4.7
167 error npm  v2.15.8
168 error code ELIFECYCLE
169 error git-core@0.0.4 install: `node-gyp rebuild`
169 error Exit status 1
170 error Failed at the git-core@0.0.4 install script 'node-gyp rebuild'.
170 error This is most likely a problem with the git-core package,
170 error not with npm itself.
170 error Tell the author that this fails on your system:
170 error     node-gyp rebuild
170 error You can get information on how to open an issue for this project with:
170 error     npm bugs git-core
170 error Or if that isn't available, you can get their info via:
170 error
170 error     npm owner ls git-core
170 error There is likely additional logging output above.
171 verbose exit [ 1, true ]
172 verbose unbuild node_modules\git-core
173 info preuninstall git-core@0.0.4
174 info uninstall git-core@0.0.4
175 verbose unbuild rmStuff git-core@0.0.4 from d:\l.yunash\front-end-academy-master\starter_packages\SPVanilla_multipages_less\node_modules
176 info postuninstall git-core@0.0.4
177 silly gentlyRm d:\l.yunash\front-end-academy-master\starter_packages\SPVanilla_multipages_less\node_modules\git-core is being purged from base d:\l.yunash\front-end-academy-master\starter_packages\SPVanilla_multipages_less
178 verbose gentlyRm don't care about contents; nuking d:\l.yunash\front-end-academy-master\starter_packages\SPVanilla_multipages_less\node_modules\git-core
179 silly vacuum-fs purging d:\l.yunash\front-end-academy-master\starter_packages\SPVanilla_multipages_less\node_modules\git-core
180 silly vacuum-fs quitting because other entries in d:\l.yunash\front-end-academy-master\starter_packages\SPVanilla_multipages_less\node_modules
